<?xml version="1.0" encoding="UTF-8"?>
<testsuite name="ApplicationTest" tests="4" skipped="0" failures="0" errors="0" timestamp="2024-11-25T13:28:23" hostname="JAVADDIKKT" time="4.426">
  <properties/>
  <testcase name="testBasic1()" classname="ApplicationTest" time="0.487"/>
  <testcase name="testBasic2()" classname="ApplicationTest" time="0.28"/>
  <testcase name="testFailApi()" classname="ApplicationTest" time="3.312"/>
  <testcase name="testFailUi()" classname="ApplicationTest" time="0.335"/>
  <system-out><![CDATA[]]></system-out>
  <system-err><![CDATA[]]></system-err>
</testsuite>
