<?xml version="1.0" encoding="UTF-8"?>
<testsuite name="CompletableFutureTest" tests="10" skipped="0" failures="0" errors="0" timestamp="2024-11-25T13:28:38" hostname="JAVADDIKKT" time="2.821">
  <properties/>
  <testcase name="testAwaitDoneFeature()" classname="CompletableFutureTest" time="0.141"/>
  <testcase name="testAwaitOne()" classname="CompletableFutureTest" time="0.318"/>
  <testcase name="testAwaitTwice()" classname="CompletableFutureTest" time="0.3"/>
  <testcase name="repetition 1 of 5" classname="CompletableFutureTest" time="0.454"/>
  <testcase name="repetition 2 of 5" classname="CompletableFutureTest" time="0.228"/>
  <testcase name="repetition 3 of 5" classname="CompletableFutureTest" time="0.221"/>
  <testcase name="repetition 4 of 5" classname="CompletableFutureTest" time="0.212"/>
  <testcase name="repetition 5 of 5" classname="CompletableFutureTest" time="0.214"/>
  <testcase name="testCancelEvaluation()" classname="CompletableFutureTest" time="0.297"/>
  <testcase name="testCancelEvaluation2()" classname="CompletableFutureTest" time="0.354"/>
  <system-out><![CDATA[]]></system-out>
  <system-err><![CDATA[]]></system-err>
</testsuite>
