<?xml version="1.0" encoding="UTF-8"?>
<testsuite name="ImageProcessorTest" tests="7" skipped="0" failures="0" errors="0" timestamp="2024-12-30T11:02:37" hostname="JAVADDIKKT" time="1.033">
  <properties/>
  <testcase name="simpleGeneration()" classname="ImageProcessorTest" time="0.189"/>
  <testcase name="simpleParallelSequentialGeneration()" classname="ImageProcessorTest" time="0.281"/>
  <testcase name="simpleParallelGeneration()" classname="ImageProcessorTest" time="0.006"/>
  <testcase name="testMore()" classname="ImageProcessorTest" time="0.287"/>
  <testcase name="parallelLimit()" classname="ImageProcessorTest" time="0.014"/>
  <testcase name="cacheSimple()" classname="ImageProcessorTest" time="0.107"/>
  <testcase name="cacheMultiple()" classname="ImageProcessorTest" time="0.133"/>
  <system-out><![CDATA[done 2
done 14
done 7
done 17
done 13
done 19
done 0
done 12
done 1
done 11
done 6
done 3
done 5
done 10
done 4
done 8
done 9
done 15
done 18
done 16
done
]]></system-out>
  <system-err><![CDATA[]]></system-err>
</testsuite>
