<?xml version="1.0" encoding="UTF-8"?>
<testsuite name="SequentialProcessorTest" tests="5" skipped="0" failures="0" errors="0" timestamp="2024-11-25T13:28:29" hostname="JAVADDIKKT" time="6.423">
  <properties/>
  <testcase name="testCorrectness()" classname="SequentialProcessorTest" time="0.624"/>
  <testcase name="testParallel()" classname="SequentialProcessorTest" time="2.217"/>
  <testcase name="testLaunchInCommonThread()" classname="SequentialProcessorTest" time="1.658"/>
  <testcase name="testLinearizability()" classname="SequentialProcessorTest" time="1.611"/>
  <testcase name="testResourceLeaks()" classname="SequentialProcessorTest" time="0.299"/>
  <system-out><![CDATA[]]></system-out>
  <system-err><![CDATA[]]></system-err>
</testsuite>
