<?xml version="1.0" encoding="UTF-8"?>
<testsuite name="ParallelEvaluatorTest" tests="4" skipped="0" failures="0" errors="0" timestamp="2024-11-25T13:28:43" hostname="JAVADDIKKT" time="2.306">
  <properties/>
  <testcase name="testOneTask()" classname="ParallelEvaluatorTest" time="0.16"/>
  <testcase name="testBase()" classname="ParallelEvaluatorTest" time="1.02"/>
  <testcase name="testFailure()" classname="ParallelEvaluatorTest" time="0.428"/>
  <testcase name="testCancellation()" classname="ParallelEvaluatorTest" time="0.69"/>
  <system-out><![CDATA[]]></system-out>
  <system-err><![CDATA[]]></system-err>
</testsuite>
