<?xml version="1.0" encoding="UTF-8"?>
<testsuite name="Tests" tests="3" skipped="0" failures="0" errors="0" timestamp="2024-10-09T17:20:33" hostname="KK_LAPTOP" time="0.005">
  <properties/>
  <testcase name="testConstructors" classname="Tests" time="0.004"/>
  <testcase name="testMatrixInstance" classname="Tests" time="0.0"/>
  <testcase name="testMatrixValues" classname="Tests" time="0.0"/>
  <system-out><![CDATA[]]></system-out>
  <system-err><![CDATA[]]></system-err>
</testsuite>
