<?xml version="1.0" encoding="UTF-8"?>
<testsuite name="OnceTest" tests="4" skipped="0" failures="0" errors="0" timestamp="2024-12-30T10:55:31" hostname="JAVADDIKKT" time="1.849">
  <properties/>
  <testcase name="oneRun()" classname="OnceTest" time="0.021"/>
  <testcase name="runTwiceSequential()" classname="OnceTest" time="0.004"/>
  <testcase name="runMultipleParallel()" classname="OnceTest" time="1.326"/>
  <testcase name="runMultipleParallelWithFail()" classname="OnceTest" time="0.493"/>
  <system-out><![CDATA[]]></system-out>
  <system-err><![CDATA[]]></system-err>
</testsuite>
