<?xml version="1.0" encoding="UTF-8"?>
<testsuite name="CompetitionResultsTest" tests="4" skipped="0" failures="0" errors="0" timestamp="2024-12-27T17:32:00" hostname="JAVADDIKKT" time="0.152">
  <properties/>
  <testcase name="testOneResult()" classname="CompetitionResultsTest" time="0.084"/>
  <testcase name="testFive()" classname="CompetitionResultsTest" time="0.004"/>
  <testcase name="testOnMutableFlow()" classname="CompetitionResultsTest" time="0.017"/>
  <testcase name="testScoreboardSimple()" classname="CompetitionResultsTest" time="0.038"/>
  <system-out><![CDATA[[ScoreboardRow(rank=1, number=1, time=2m)]
[ScoreboardRow(rank=1, number=1, time=2m), ScoreboardRow(rank=2, number=3, time=4m)]
[ScoreboardRow(rank=1, number=1, time=2m), ScoreboardRow(rank=2, number=3, time=4m), ScoreboardRow(rank=3, number=2, time=6m)]
]]></system-out>
  <system-err><![CDATA[]]></system-err>
</testsuite>
