<?xml version="1.0" encoding="UTF-8"?>
<testsuite name="Test" tests="4" skipped="0" failures="0" errors="0" timestamp="2024-10-08T20:54:56" hostname="KK_LAPTOP" time="0.01">
  <properties/>
  <testcase name="testObserve" classname="Test" time="0.008"/>
  <testcase name="testConstruct" classname="Test" time="0.0"/>
  <testcase name="testConstructAndUseAsImmutable" classname="Test" time="0.001"/>
  <testcase name="testObserveSerial" classname="Test" time="0.001"/>
  <system-out><![CDATA[]]></system-out>
  <system-err><![CDATA[]]></system-err>
</testsuite>
