<?xml version="1.0" encoding="UTF-8"?>
<testsuite name="Tests" tests="3" skipped="0" failures="0" errors="0" timestamp="2024-10-09T17:23:50" hostname="KK_LAPTOP" time="2.421">
  <properties/>
  <testcase name="testCreateConfigBasedOnValidFile" classname="Tests" time="2.397"/>
  <testcase name="testConfigInstance" classname="Tests" time="0.013"/>
  <testcase name="testCreateConfigBasedOnValidInvalidFileName" classname="Tests" time="0.01"/>
  <system-out><![CDATA[]]></system-out>
  <system-err><![CDATA[]]></system-err>
</testsuite>
