<?xml version="1.0" encoding="UTF-8"?>
<testsuite name="Tests" tests="5" skipped="0" failures="0" errors="0" timestamp="2024-10-15T05:56:17" hostname="KK_LAPTOP" time="1.631">
  <properties/>
  <testcase name="test1ConstructorWithAmount" classname="Tests" time="1.535"/>
  <testcase name="test2ConstructorFailsWithNegativeBalance" classname="Tests" time="0.012"/>
  <testcase name="test3DepositShouldWorkCorrectly" classname="Tests" time="0.062"/>
  <testcase name="test4WithdrawShouldWorkCorrectly" classname="Tests" time="0.016"/>
  <testcase name="test5BalanceShouldHaveNotPublicSetter" classname="Tests" time="0.005"/>
  <system-out><![CDATA[]]></system-out>
  <system-err><![CDATA[]]></system-err>
</testsuite>
